# JRE version: Java(TM) SE Runtime Environment (8.0_351-b10) (build 1.8.0_351-b10)
# Java VM: Java HotSpot(TM) 64-Bit Server VM (25.351-b10 mixed mode bsd-amd64 compressed oops)
Heap:
 PSYoungGen      total 76288K, used 3723K [0x000000076ab00000, 0x0000000770000000, 0x00000007c0000000)
  eden space 65536K, 5% used [0x000000076ab00000,0x000000076aea2fe0,0x000000076eb00000)
  from space 10752K, 0% used [0x000000076eb00000,0x000000076eb00000,0x000000076f580000)
  to   space 10752K, 0% used [0x000000076f580000,0x000000076f580000,0x0000000770000000)
 ParOldGen       total 111104K, used 29153K [0x00000006c0000000, 0x00000006c6c80000, 0x000000076ab00000)
  object space 111104K, 26% used [0x00000006c0000000,0x00000006c1c787b8,0x00000006c6c80000)
 Metaspace       used 21113K, capacity 21702K, committed 21884K, reserved 1069056K
  class space    used 2692K, capacity 2845K, committed 2864K, reserved 1048576K
GC Heap History (8 events):
Event: 146.133 GC heap before
{Heap before GC invocations=1 (full 0):
 PSYoungGen      total 76288K, used 65077K [0x000000076ab00000, 0x0000000770000000, 0x00000007c0000000)
  eden space 65536K, 99% used [0x000000076ab00000,0x000000076ea8d780,0x000000076eb00000)
  from space 10752K, 0% used [0x000000076f580000,0x000000076f580000,0x0000000770000000)
  to   space 10752K, 0% used [0x000000076eb00000,0x000000076eb00000,0x000000076f580000)
 ParOldGen       total 175104K, used 0K [0x00000006c0000000, 0x00000006cab00000, 0x000000076ab00000)
  object space 175104K, 0% used [0x00000006c0000000,0x00000006c0000000,0x00000006cab00000)
 Metaspace       used 19838K, capacity 20474K, committed 20736K, reserved 1067008K
  class space    used 2597K, capacity 2765K, committed 2816K, reserved 1048576K
Event: 146.150 GC heap after
Heap after GC invocations=1 (full 0):
 PSYoungGen      total 76288K, used 10720K [0x000000076ab00000, 0x0000000770000000, 0x00000007c0000000)
  eden space 65536K, 0% used [0x000000076ab00000,0x000000076ab00000,0x000000076eb00000)
  from space 10752K, 99% used [0x000000076eb00000,0x000000076f5780c0,0x000000076f580000)
  to   space 10752K, 0% used [0x000000076f580000,0x000000076f580000,0x0000000770000000)
 ParOldGen       total 175104K, used 12828K [0x00000006c0000000, 0x00000006cab00000, 0x000000076ab00000)
  object space 175104K, 7% used [0x00000006c0000000,0x00000006c0c87370,0x00000006cab00000)
 Metaspace       used 19838K, capacity 20474K, committed 20736K, reserved 1067008K
  class space    used 2597K, capacity 2765K, committed 2816K, reserved 1048576K
}
Event: 166.183 GC heap before
{Heap before GC invocations=2 (full 0):
 PSYoungGen      total 76288K, used 30365K [0x000000076ab00000, 0x0000000770000000, 0x00000007c0000000)
  eden space 65536K, 29% used [0x000000076ab00000,0x000000076be2f718,0x000000076eb00000)
  from space 10752K, 99% used [0x000000076eb00000,0x000000076f5780c0,0x000000076f580000)
  to   space 10752K, 0% used [0x000000076f580000,0x000000076f580000,0x0000000770000000)
 ParOldGen       total 175104K, used 12828K [0x00000006c0000000, 0x00000006cab00000, 0x000000076ab00000)
  object space 175104K, 7% used [0x00000006c0000000,0x00000006c0c87370,0x00000006cab00000)
 Metaspace       used 20651K, capacity 21290K, committed 21552K, reserved 1069056K
  class space    used 2676K, capacity 2839K, committed 2864K, reserved 1048576K
Event: 166.200 GC heap after
Heap after GC invocations=2 (full 0):
 PSYoungGen      total 76288K, used 8639K [0x000000076ab00000, 0x0000000770000000, 0x00000007c0000000)
  eden space 65536K, 0% used [0x000000076ab00000,0x000000076ab00000,0x000000076eb00000)
  from space 10752K, 80% used [0x000000076f580000,0x000000076fdefd98,0x0000000770000000)
  to   space 10752K, 0% used [0x000000076eb00000,0x000000076eb00000,0x000000076f580000)
 ParOldGen       total 175104K, used 21012K [0x00000006c0000000, 0x00000006cab00000, 0x000000076ab00000)
  object space 175104K, 12% used [0x00000006c0000000,0x00000006c1485390,0x00000006cab00000)
 Metaspace       used 20651K, capacity 21290K, committed 21552K, reserved 1069056K
  class space    used 2676K, capacity 2839K, committed 2864K, reserved 1048576K
}
Event: 169.927 GC heap before
{Heap before GC invocations=3 (full 0):
 PSYoungGen      total 76288K, used 18248K [0x000000076ab00000, 0x0000000770000000, 0x00000007c0000000)
  eden space 65536K, 14% used [0x000000076ab00000,0x000000076b4623a8,0x000000076eb00000)
  from space 10752K, 80% used [0x000000076f580000,0x000000076fdefd98,0x0000000770000000)
  to   space 10752K, 0% used [0x000000076eb00000,0x000000076eb00000,0x000000076f580000)
 ParOldGen       total 175104K, used 21012K [0x00000006c0000000, 0x00000006cab00000, 0x000000076ab00000)
  object space 175104K, 12% used [0x00000006c0000000,0x00000006c1485390,0x00000006cab00000)
 Metaspace       used 21010K, capacity 21574K, committed 21628K, reserved 1069056K
  class space    used 2688K, capacity 2845K, committed 2864K, reserved 1048576K
Event: 169.942 GC heap after
Heap after GC invocations=3 (full 0):
 PSYoungGen      total 76288K, used 8816K [0x000000076ab00000, 0x0000000770000000, 0x00000007c0000000)
  eden space 65536K, 0% used [0x000000076ab00000,0x000000076ab00000,0x000000076eb00000)
  from space 10752K, 81% used [0x000000076eb00000,0x000000076f39c100,0x000000076f580000)
  to   space 10752K, 0% used [0x000000076f580000,0x000000076f580000,0x0000000770000000)
 ParOldGen       total 175104K, used 21020K [0x00000006c0000000, 0x00000006cab00000, 0x000000076ab00000)
  object space 175104K, 12% used [0x00000006c0000000,0x00000006c1487390,0x00000006cab00000)
 Metaspace       used 21010K, capacity 21574K, committed 21628K, reserved 1069056K
  class space    used 2688K, capacity 2845K, committed 2864K, reserved 1048576K
}
Event: 169.942 GC heap before
{Heap before GC invocations=4 (full 1):
 PSYoungGen      total 76288K, used 8816K [0x000000076ab00000, 0x0000000770000000, 0x00000007c0000000)
  eden space 65536K, 0% used [0x000000076ab00000,0x000000076ab00000,0x000000076eb00000)
  from space 10752K, 81% used [0x000000076eb00000,0x000000076f39c100,0x000000076f580000)
  to   space 10752K, 0% used [0x000000076f580000,0x000000076f580000,0x0000000770000000)
 ParOldGen       total 175104K, used 21020K [0x00000006c0000000, 0x00000006cab00000, 0x000000076ab00000)
  object space 175104K, 12% used [0x00000006c0000000,0x00000006c1487390,0x00000006cab00000)
 Metaspace       used 21010K, capacity 21574K, committed 21628K, reserved 1069056K
  class space    used 2688K, capacity 2845K, committed 2864K, reserved 1048576K
Event: 169.970 GC heap after
Heap after GC invocations=4 (full 1):
 PSYoungGen      total 76288K, used 0K [0x000000076ab00000, 0x0000000770000000, 0x00000007c0000000)
  eden space 65536K, 0% used [0x000000076ab00000,0x000000076ab00000,0x000000076eb00000)
  from space 10752K, 0% used [0x000000076eb00000,0x000000076eb00000,0x000000076f580000)
  to   space 10752K, 0% used [0x000000076f580000,0x000000076f580000,0x0000000770000000)
 ParOldGen       total 111104K, used 29153K [0x00000006c0000000, 0x00000006c6c80000, 0x000000076ab00000)
  object space 111104K, 26% used [0x00000006c0000000,0x00000006c1c787b8,0x00000006c6c80000)
 Metaspace       used 21010K, capacity 21574K, committed 21628K, reserved 1069056K
  class space    used 2688K, capacity 2845K, committed 2864K, reserved 1048576K
}

