# JRE version: Java(TM) SE Runtime Environment (8.0_351-b10) (build 1.8.0_351-b10)
# Java VM: Java HotSpot(TM) 64-Bit Server VM (25.351-b10 mixed mode bsd-amd64 compressed oops)
Heap:
 PSYoungGen      total 76288K, used 3434K [0x000000076ab00000, 0x0000000774000000, 0x00000007c0000000)
  eden space 65536K, 5% used [0x000000076ab00000,0x000000076ae5abe0,0x000000076eb00000)
  from space 10752K, 0% used [0x000000076f580000,0x000000076f580000,0x0000000770000000)
  to   space 10752K, 0% used [0x000000076eb00000,0x000000076eb00000,0x000000076f580000)
 ParOldGen       total 408064K, used 314188K [0x00000006c0000000, 0x00000006d8e80000, 0x000000076ab00000)
  object space 408064K, 76% used [0x00000006c0000000,0x00000006d32d3318,0x00000006d8e80000)
 Metaspace       used 20813K, capacity 21470K, committed 21504K, reserved 1069056K
  class space    used 2648K, capacity 2811K, committed 2816K, reserved 1048576K
GC Heap History (6 events):
Event: 21.109 GC heap before
{Heap before GC invocations=1 (full 0):
 PSYoungGen      total 76288K, used 65536K [0x000000076ab00000, 0x0000000770000000, 0x00000007c0000000)
  eden space 65536K, 100% used [0x000000076ab00000,0x000000076eb00000,0x000000076eb00000)
  from space 10752K, 0% used [0x000000076f580000,0x000000076f580000,0x0000000770000000)
  to   space 10752K, 0% used [0x000000076eb00000,0x000000076eb00000,0x000000076f580000)
 ParOldGen       total 354816K, used 307094K [0x00000006c0000000, 0x00000006d5a80000, 0x000000076ab00000)
  object space 354816K, 86% used [0x00000006c0000000,0x00000006d2be58a8,0x00000006d5a80000)
 Metaspace       used 20336K, capacity 20958K, committed 20992K, reserved 1067008K
  class space    used 2637K, capacity 2811K, committed 2816K, reserved 1048576K
Event: 21.136 GC heap after
Heap after GC invocations=1 (full 0):
 PSYoungGen      total 76288K, used 8566K [0x000000076ab00000, 0x0000000770000000, 0x00000007c0000000)
  eden space 65536K, 0% used [0x000000076ab00000,0x000000076ab00000,0x000000076eb00000)
  from space 10752K, 79% used [0x000000076eb00000,0x000000076f35d918,0x000000076f580000)
  to   space 10752K, 0% used [0x000000076f580000,0x000000076f580000,0x0000000770000000)
 ParOldGen       total 354816K, used 307102K [0x00000006c0000000, 0x00000006d5a80000, 0x000000076ab00000)
  object space 354816K, 86% used [0x00000006c0000000,0x00000006d2be78a8,0x00000006d5a80000)
 Metaspace       used 20336K, capacity 20958K, committed 20992K, reserved 1067008K
  class space    used 2637K, capacity 2811K, committed 2816K, reserved 1048576K
}
Event: 21.354 GC heap before
{Heap before GC invocations=2 (full 0):
 PSYoungGen      total 76288K, used 23376K [0x000000076ab00000, 0x0000000770000000, 0x00000007c0000000)
  eden space 65536K, 22% used [0x000000076ab00000,0x000000076b976a50,0x000000076eb00000)
  from space 10752K, 79% used [0x000000076eb00000,0x000000076f35d918,0x000000076f580000)
  to   space 10752K, 0% used [0x000000076f580000,0x000000076f580000,0x0000000770000000)
 ParOldGen       total 534528K, used 486343K [0x00000006c0000000, 0x00000006e0a00000, 0x000000076ab00000)
  object space 534528K, 90% used [0x00000006c0000000,0x00000006ddaf1ca0,0x00000006e0a00000)
 Metaspace       used 20602K, capacity 21214K, committed 21248K, reserved 1067008K
  class space    used 2645K, capacity 2811K, committed 2816K, reserved 1048576K
Event: 21.371 GC heap after
Heap after GC invocations=2 (full 0):
 PSYoungGen      total 76288K, used 7918K [0x000000076ab00000, 0x0000000774000000, 0x00000007c0000000)
  eden space 65536K, 0% used [0x000000076ab00000,0x000000076ab00000,0x000000076eb00000)
  from space 10752K, 73% used [0x000000076f580000,0x000000076fd3bb08,0x0000000770000000)
  to   space 10752K, 0% used [0x000000076eb00000,0x000000076eb00000,0x000000076f580000)
 ParOldGen       total 534528K, used 486351K [0x00000006c0000000, 0x00000006e0a00000, 0x000000076ab00000)
  object space 534528K, 90% used [0x00000006c0000000,0x00000006ddaf3ca0,0x00000006e0a00000)
 Metaspace       used 20602K, capacity 21214K, committed 21248K, reserved 1067008K
  class space    used 2645K, capacity 2811K, committed 2816K, reserved 1048576K
}
Event: 21.371 GC heap before
{Heap before GC invocations=3 (full 1):
 PSYoungGen      total 76288K, used 7918K [0x000000076ab00000, 0x0000000774000000, 0x00000007c0000000)
  eden space 65536K, 0% used [0x000000076ab00000,0x000000076ab00000,0x000000076eb00000)
  from space 10752K, 73% used [0x000000076f580000,0x000000076fd3bb08,0x0000000770000000)
  to   space 10752K, 0% used [0x000000076eb00000,0x000000076eb00000,0x000000076f580000)
 ParOldGen       total 534528K, used 486351K [0x00000006c0000000, 0x00000006e0a00000, 0x000000076ab00000)
  object space 534528K, 90% used [0x00000006c0000000,0x00000006ddaf3ca0,0x00000006e0a00000)
 Metaspace       used 20602K, capacity 21214K, committed 21248K, reserved 1067008K
  class space    used 2645K, capacity 2811K, committed 2816K, reserved 1048576K
Event: 21.392 GC heap after
Heap after GC invocations=3 (full 1):
 PSYoungGen      total 76288K, used 0K [0x000000076ab00000, 0x0000000774000000, 0x00000007c0000000)
  eden space 65536K, 0% used [0x000000076ab00000,0x000000076ab00000,0x000000076eb00000)
  from space 10752K, 0% used [0x000000076f580000,0x000000076f580000,0x0000000770000000)
  to   space 10752K, 0% used [0x000000076eb00000,0x000000076eb00000,0x000000076f580000)
 ParOldGen       total 408064K, used 314188K [0x00000006c0000000, 0x00000006d8e80000, 0x000000076ab00000)
  object space 408064K, 76% used [0x00000006c0000000,0x00000006d32d3318,0x00000006d8e80000)
 Metaspace       used 20602K, capacity 21214K, committed 21248K, reserved 1067008K
  class space    used 2645K, capacity 2811K, committed 2816K, reserved 1048576K
}

