# JRE version: OpenJDK Runtime Environment (8.0_352-b08) (build 1.8.0_352-8u352-ga-1~22.04-b08)
# Java VM: OpenJDK 64-Bit Server VM (25.352-b08 mixed mode linux-amd64 compressed oops)
Heap:
 PSYoungGen      total 35840K, used 5899K [0x00000000d8380000, 0x00000000dab80000, 0x0000000100000000)
  eden space 30720K, 2% used [0x00000000d8380000,0x00000000d844a480,0x00000000da180000)
  from space 5120K, 99% used [0x00000000da680000,0x00000000dab78780,0x00000000dab80000)
  to   space 5120K, 0% used [0x00000000da180000,0x00000000da180000,0x00000000da680000)
 ParOldGen       total 81920K, used 680K [0x0000000088a00000, 0x000000008da00000, 0x00000000d8380000)
  object space 81920K, 0% used [0x0000000088a00000,0x0000000088aaa210,0x000000008da00000)
 Metaspace       used 19360K, capacity 19770K, committed 20096K, reserved 1067008K
  class space    used 2301K, capacity 2418K, committed 2432K, reserved 1048576K
GC Heap History (4 events):
Event: 8,683 GC heap before
{Heap before GC invocations=1 (full 0):
 PSYoungGen      total 35840K, used 30720K [0x00000000d8380000, 0x00000000dab80000, 0x0000000100000000)
  eden space 30720K, 100% used [0x00000000d8380000,0x00000000da180000,0x00000000da180000)
  from space 5120K, 0% used [0x00000000da680000,0x00000000da680000,0x00000000dab80000)
  to   space 5120K, 0% used [0x00000000da180000,0x00000000da180000,0x00000000da680000)
 ParOldGen       total 81920K, used 0K [0x0000000088a00000, 0x000000008da00000, 0x00000000d8380000)
  object space 81920K, 0% used [0x0000000088a00000,0x0000000088a00000,0x000000008da00000)
 Metaspace       used 15637K, capacity 16078K, committed 16256K, reserved 1062912K
  class space    used 1972K, capacity 2114K, committed 2176K, reserved 1048576K
Event: 8,688 GC heap after
Heap after GC invocations=1 (full 0):
 PSYoungGen      total 35840K, used 3705K [0x00000000d8380000, 0x00000000dab80000, 0x0000000100000000)
  eden space 30720K, 0% used [0x00000000d8380000,0x00000000d8380000,0x00000000da180000)
  from space 5120K, 72% used [0x00000000da180000,0x00000000da51e538,0x00000000da680000)
  to   space 5120K, 0% used [0x00000000da680000,0x00000000da680000,0x00000000dab80000)
 ParOldGen       total 81920K, used 16K [0x0000000088a00000, 0x000000008da00000, 0x00000000d8380000)
  object space 81920K, 0% used [0x0000000088a00000,0x0000000088a04000,0x000000008da00000)
 Metaspace       used 15637K, capacity 16078K, committed 16256K, reserved 1062912K
  class space    used 1972K, capacity 2114K, committed 2176K, reserved 1048576K
}
Event: 52,664 GC heap before
{Heap before GC invocations=2 (full 0):
 PSYoungGen      total 35840K, used 34425K [0x00000000d8380000, 0x00000000dab80000, 0x0000000100000000)
  eden space 30720K, 100% used [0x00000000d8380000,0x00000000da180000,0x00000000da180000)
  from space 5120K, 72% used [0x00000000da180000,0x00000000da51e538,0x00000000da680000)
  to   space 5120K, 0% used [0x00000000da680000,0x00000000da680000,0x00000000dab80000)
 ParOldGen       total 81920K, used 16K [0x0000000088a00000, 0x000000008da00000, 0x00000000d8380000)
  object space 81920K, 0% used [0x0000000088a00000,0x0000000088a04000,0x000000008da00000)
 Metaspace       used 19359K, capacity 19770K, committed 20096K, reserved 1067008K
  class space    used 2301K, capacity 2418K, committed 2432K, reserved 1048576K
Event: 52,672 GC heap after
Heap after GC invocations=2 (full 0):
 PSYoungGen      total 35840K, used 5089K [0x00000000d8380000, 0x00000000dab80000, 0x0000000100000000)
  eden space 30720K, 0% used [0x00000000d8380000,0x00000000d8380000,0x00000000da180000)
  from space 5120K, 99% used [0x00000000da680000,0x00000000dab78780,0x00000000dab80000)
  to   space 5120K, 0% used [0x00000000da180000,0x00000000da180000,0x00000000da680000)
 ParOldGen       total 81920K, used 680K [0x0000000088a00000, 0x000000008da00000, 0x00000000d8380000)
  object space 81920K, 0% used [0x0000000088a00000,0x0000000088aaa210,0x000000008da00000)
 Metaspace       used 19359K, capacity 19770K, committed 20096K, reserved 1067008K
  class space    used 2301K, capacity 2418K, committed 2432K, reserved 1048576K
}

