# JRE version: Java(TM) SE Runtime Environment (8.0_351-b10) (build 1.8.0_351-b10)
# Java VM: Java HotSpot(TM) 64-Bit Server VM (25.351-b10 mixed mode bsd-amd64 compressed oops)
Heap:
 PSYoungGen      total 1358848K, used 231769K [0x000000076ab00000, 0x00000007bff80000, 0x00000007c0000000)
  eden space 1352704K, 17% used [0x000000076ab00000,0x0000000778d56418,0x00000007bd400000)
  from space 6144K, 0% used [0x00000007bd400000,0x00000007bd400000,0x00000007bda00000)
  to   space 6144K, 0% used [0x00000007bf980000,0x00000007bf980000,0x00000007bff80000)
 ParOldGen       total 935936K, used 498977K [0x00000006c0000000, 0x00000006f9200000, 0x000000076ab00000)
  object space 935936K, 53% used [0x00000006c0000000,0x00000006de7486c8,0x00000006f9200000)
 Metaspace       used 22094K, capacity 22838K, committed 23040K, reserved 1069056K
  class space    used 2839K, capacity 3033K, committed 3072K, reserved 1048576K
GC Heap History (10 events):
Event: 42.683 GC heap before
{Heap before GC invocations=36 (full 8):
 PSYoungGen      total 1311232K, used 413002K [0x000000076ab00000, 0x00000007be000000, 0x00000007c0000000)
  eden space 1304576K, 31% used [0x000000076ab00000,0x0000000783e529d8,0x00000007ba500000)
  from space 6656K, 0% used [0x00000007bd300000,0x00000007bd300000,0x00000007bd980000)
  to   space 6144K, 0% used [0x00000007bda00000,0x00000007bda00000,0x00000007be000000)
 ParOldGen       total 935936K, used 715920K [0x00000006c0000000, 0x00000006f9200000, 0x000000076ab00000)
  object space 935936K, 76% used [0x00000006c0000000,0x00000006ebb24008,0x00000006f9200000)
 Metaspace       used 21908K, capacity 22706K, committed 22784K, reserved 1069056K
  class space    used 2830K, capacity 3031K, committed 3072K, reserved 1048576K
Event: 42.744 GC heap after
Heap after GC invocations=36 (full 8):
 PSYoungGen      total 1358848K, used 3070K [0x000000076ab00000, 0x00000007bff80000, 0x00000007c0000000)
  eden space 1352704K, 0% used [0x000000076ab00000,0x000000076ab00000,0x00000007bd400000)
  from space 6144K, 49% used [0x00000007bda00000,0x00000007bdcffa50,0x00000007be000000)
  to   space 6144K, 0% used [0x00000007bd400000,0x00000007bd400000,0x00000007bda00000)
 ParOldGen       total 935936K, used 935653K [0x00000006c0000000, 0x00000006f9200000, 0x000000076ab00000)
  object space 935936K, 99% used [0x00000006c0000000,0x00000006f91b9630,0x00000006f9200000)
 Metaspace       used 21908K, capacity 22706K, committed 22784K, reserved 1069056K
  class space    used 2830K, capacity 3031K, committed 3072K, reserved 1048576K
}
Event: 42.744 GC heap before
{Heap before GC invocations=37 (full 9):
 PSYoungGen      total 1358848K, used 3070K [0x000000076ab00000, 0x00000007bff80000, 0x00000007c0000000)
  eden space 1352704K, 0% used [0x000000076ab00000,0x000000076ab00000,0x00000007bd400000)
  from space 6144K, 49% used [0x00000007bda00000,0x00000007bdcffa50,0x00000007be000000)
  to   space 6144K, 0% used [0x00000007bd400000,0x00000007bd400000,0x00000007bda00000)
 ParOldGen       total 935936K, used 935653K [0x00000006c0000000, 0x00000006f9200000, 0x000000076ab00000)
  object space 935936K, 99% used [0x00000006c0000000,0x00000006f91b9630,0x00000006f9200000)
 Metaspace       used 21908K, capacity 22706K, committed 22784K, reserved 1069056K
  class space    used 2830K, capacity 3031K, committed 3072K, reserved 1048576K
Event: 42.803 GC heap after
Heap after GC invocations=37 (full 9):
 PSYoungGen      total 1358848K, used 2896K [0x000000076ab00000, 0x00000007bff80000, 0x00000007c0000000)
  eden space 1352704K, 0% used [0x000000076ab00000,0x000000076ab00000,0x00000007bd400000)
  from space 6144K, 47% used [0x00000007bda00000,0x00000007bdcd4398,0x00000007be000000)
  to   space 6144K, 0% used [0x00000007bd400000,0x00000007bd400000,0x00000007bda00000)
 ParOldGen       total 935936K, used 935642K [0x00000006c0000000, 0x00000006f9200000, 0x000000076ab00000)
  object space 935936K, 99% used [0x00000006c0000000,0x00000006f91b6bd8,0x00000006f9200000)
 Metaspace       used 21908K, capacity 22706K, committed 22784K, reserved 1069056K
  class space    used 2830K, capacity 3031K, committed 3072K, reserved 1048576K
}
Event: 42.821 GC heap before
{Heap before GC invocations=38 (full 10):
 PSYoungGen      total 1358848K, used 18535K [0x000000076ab00000, 0x00000007bff80000, 0x00000007c0000000)
  eden space 1352704K, 1% used [0x000000076ab00000,0x000000076ba45ba0,0x00000007bd400000)
  from space 6144K, 47% used [0x00000007bda00000,0x00000007bdcd4398,0x00000007be000000)
  to   space 6144K, 0% used [0x00000007bd400000,0x00000007bd400000,0x00000007bda00000)
 ParOldGen       total 935936K, used 935642K [0x00000006c0000000, 0x00000006f9200000, 0x000000076ab00000)
  object space 935936K, 99% used [0x00000006c0000000,0x00000006f91b6bd8,0x00000006f9200000)
 Metaspace       used 21912K, capacity 22710K, committed 22784K, reserved 1069056K
  class space    used 2832K, capacity 3033K, committed 3072K, reserved 1048576K
Event: 42.847 GC heap after
Heap after GC invocations=38 (full 10):
 PSYoungGen      total 1358848K, used 0K [0x000000076ab00000, 0x00000007bff80000, 0x00000007c0000000)
  eden space 1352704K, 0% used [0x000000076ab00000,0x000000076ab00000,0x00000007bd400000)
  from space 6144K, 0% used [0x00000007bda00000,0x00000007bda00000,0x00000007be000000)
  to   space 6144K, 0% used [0x00000007bd400000,0x00000007bd400000,0x00000007bda00000)
 ParOldGen       total 935936K, used 498977K [0x00000006c0000000, 0x00000006f9200000, 0x000000076ab00000)
  object space 935936K, 53% used [0x00000006c0000000,0x00000006de7486c8,0x00000006f9200000)
 Metaspace       used 21912K, capacity 22710K, committed 22784K, reserved 1069056K
  class space    used 2832K, capacity 3033K, committed 3072K, reserved 1048576K
}
Event: 42.848 GC heap before
{Heap before GC invocations=39 (full 10):
 PSYoungGen      total 1358848K, used 0K [0x000000076ab00000, 0x00000007bff80000, 0x00000007c0000000)
  eden space 1352704K, 0% used [0x000000076ab00000,0x000000076ab00000,0x00000007bd400000)
  from space 6144K, 0% used [0x00000007bda00000,0x00000007bda00000,0x00000007be000000)
  to   space 6144K, 0% used [0x00000007bd400000,0x00000007bd400000,0x00000007bda00000)
 ParOldGen       total 935936K, used 498977K [0x00000006c0000000, 0x00000006f9200000, 0x000000076ab00000)
  object space 935936K, 53% used [0x00000006c0000000,0x00000006de7486c8,0x00000006f9200000)
 Metaspace       used 21912K, capacity 22710K, committed 22784K, reserved 1069056K
  class space    used 2832K, capacity 3033K, committed 3072K, reserved 1048576K
Event: 42.849 GC heap after
Heap after GC invocations=39 (full 10):
 PSYoungGen      total 1358848K, used 0K [0x000000076ab00000, 0x00000007bff80000, 0x00000007c0000000)
  eden space 1352704K, 0% used [0x000000076ab00000,0x000000076ab00000,0x00000007bd400000)
  from space 6144K, 0% used [0x00000007bd400000,0x00000007bd400000,0x00000007bda00000)
  to   space 6144K, 0% used [0x00000007bf980000,0x00000007bf980000,0x00000007bff80000)
 ParOldGen       total 935936K, used 498977K [0x00000006c0000000, 0x00000006f9200000, 0x000000076ab00000)
  object space 935936K, 53% used [0x00000006c0000000,0x00000006de7486c8,0x00000006f9200000)
 Metaspace       used 21912K, capacity 22710K, committed 22784K, reserved 1069056K
  class space    used 2832K, capacity 3033K, committed 3072K, reserved 1048576K
}
Event: 42.849 GC heap before
{Heap before GC invocations=40 (full 11):
 PSYoungGen      total 1358848K, used 0K [0x000000076ab00000, 0x00000007bff80000, 0x00000007c0000000)
  eden space 1352704K, 0% used [0x000000076ab00000,0x000000076ab00000,0x00000007bd400000)
  from space 6144K, 0% used [0x00000007bd400000,0x00000007bd400000,0x00000007bda00000)
  to   space 6144K, 0% used [0x00000007bf980000,0x00000007bf980000,0x00000007bff80000)
 ParOldGen       total 935936K, used 498977K [0x00000006c0000000, 0x00000006f9200000, 0x000000076ab00000)
  object space 935936K, 53% used [0x00000006c0000000,0x00000006de7486c8,0x00000006f9200000)
 Metaspace       used 21912K, capacity 22710K, committed 22784K, reserved 1069056K
  class space    used 2832K, capacity 3033K, committed 3072K, reserved 1048576K
Event: 42.860 GC heap after
Heap after GC invocations=40 (full 11):
 PSYoungGen      total 1358848K, used 0K [0x000000076ab00000, 0x00000007bff80000, 0x00000007c0000000)
  eden space 1352704K, 0% used [0x000000076ab00000,0x000000076ab00000,0x00000007bd400000)
  from space 6144K, 0% used [0x00000007bd400000,0x00000007bd400000,0x00000007bda00000)
  to   space 6144K, 0% used [0x00000007bf980000,0x00000007bf980000,0x00000007bff80000)
 ParOldGen       total 935936K, used 498977K [0x00000006c0000000, 0x00000006f9200000, 0x000000076ab00000)
  object space 935936K, 53% used [0x00000006c0000000,0x00000006de7486c8,0x00000006f9200000)
 Metaspace       used 21912K, capacity 22710K, committed 22784K, reserved 1069056K
  class space    used 2832K, capacity 3033K, committed 3072K, reserved 1048576K
}

