# JRE version: Java(TM) SE Runtime Environment (8.0_351-b10) (build 1.8.0_351-b10)
# Java VM: Java HotSpot(TM) 64-Bit Server VM (25.351-b10 mixed mode bsd-amd64 compressed oops)
Heap:
 PSYoungGen      total 76288K, used 33394K [0x000000076ab00000, 0x0000000770000000, 0x00000007c0000000)
  eden space 65536K, 50% used [0x000000076ab00000,0x000000076cb9cb10,0x000000076eb00000)
  from space 10752K, 0% used [0x000000076f580000,0x000000076f580000,0x0000000770000000)
  to   space 10752K, 0% used [0x000000076eb00000,0x000000076eb00000,0x000000076f580000)
 ParOldGen       total 452608K, used 367987K [0x00000006c0000000, 0x00000006dba00000, 0x000000076ab00000)
  object space 452608K, 81% used [0x00000006c0000000,0x00000006d675cd88,0x00000006dba00000)
 Metaspace       used 22043K, capacity 22740K, committed 23040K, reserved 1069056K
  class space    used 2797K, capacity 2961K, committed 3072K, reserved 1048576K
GC Heap History (6 events):
Event: 43.180 GC heap before
{Heap before GC invocations=1 (full 0):
 PSYoungGen      total 76288K, used 65536K [0x000000076ab00000, 0x0000000770000000, 0x00000007c0000000)
  eden space 65536K, 100% used [0x000000076ab00000,0x000000076eb00000,0x000000076eb00000)
  from space 10752K, 0% used [0x000000076f580000,0x000000076f580000,0x0000000770000000)
  to   space 10752K, 0% used [0x000000076eb00000,0x000000076eb00000,0x000000076f580000)
 ParOldGen       total 300544K, used 272836K [0x00000006c0000000, 0x00000006d2580000, 0x000000076ab00000)
  object space 300544K, 90% used [0x00000006c0000000,0x00000006d0a711e0,0x00000006d2580000)
 Metaspace       used 19624K, capacity 20250K, committed 20480K, reserved 1067008K
  class space    used 2567K, capacity 2734K, committed 2816K, reserved 1048576K
Event: 43.209 GC heap after
Heap after GC invocations=1 (full 0):
 PSYoungGen      total 76288K, used 6420K [0x000000076ab00000, 0x0000000770000000, 0x00000007c0000000)
  eden space 65536K, 0% used [0x000000076ab00000,0x000000076ab00000,0x000000076eb00000)
  from space 10752K, 59% used [0x000000076eb00000,0x000000076f145130,0x000000076f580000)
  to   space 10752K, 0% used [0x000000076f580000,0x000000076f580000,0x0000000770000000)
 ParOldGen       total 300544K, used 272844K [0x00000006c0000000, 0x00000006d2580000, 0x000000076ab00000)
  object space 300544K, 90% used [0x00000006c0000000,0x00000006d0a731e0,0x00000006d2580000)
 Metaspace       used 19624K, capacity 20250K, committed 20480K, reserved 1067008K
  class space    used 2567K, capacity 2734K, committed 2816K, reserved 1048576K
}
Event: 47.724 GC heap before
{Heap before GC invocations=2 (full 0):
 PSYoungGen      total 76288K, used 38116K [0x000000076ab00000, 0x0000000770000000, 0x00000007c0000000)
  eden space 65536K, 48% used [0x000000076ab00000,0x000000076c9f3fa8,0x000000076eb00000)
  from space 10752K, 59% used [0x000000076eb00000,0x000000076f145130,0x000000076f580000)
  to   space 10752K, 0% used [0x000000076f580000,0x000000076f580000,0x0000000770000000)
 ParOldGen       total 300544K, used 272844K [0x00000006c0000000, 0x00000006d2580000, 0x000000076ab00000)
  object space 300544K, 90% used [0x00000006c0000000,0x00000006d0a731e0,0x00000006d2580000)
 Metaspace       used 20556K, capacity 21168K, committed 21296K, reserved 1067008K
  class space    used 2681K, capacity 2841K, committed 2944K, reserved 1048576K
Event: 47.752 GC heap after
Heap after GC invocations=2 (full 0):
 PSYoungGen      total 76288K, used 6133K [0x000000076ab00000, 0x0000000770000000, 0x00000007c0000000)
  eden space 65536K, 0% used [0x000000076ab00000,0x000000076ab00000,0x000000076eb00000)
  from space 10752K, 57% used [0x000000076f580000,0x000000076fb7d478,0x0000000770000000)
  to   space 10752K, 0% used [0x000000076eb00000,0x000000076eb00000,0x000000076f580000)
 ParOldGen       total 300544K, used 272852K [0x00000006c0000000, 0x00000006d2580000, 0x000000076ab00000)
  object space 300544K, 90% used [0x00000006c0000000,0x00000006d0a751e0,0x00000006d2580000)
 Metaspace       used 20556K, capacity 21168K, committed 21296K, reserved 1067008K
  class space    used 2681K, capacity 2841K, committed 2944K, reserved 1048576K
}
Event: 47.753 GC heap before
{Heap before GC invocations=3 (full 1):
 PSYoungGen      total 76288K, used 6133K [0x000000076ab00000, 0x0000000770000000, 0x00000007c0000000)
  eden space 65536K, 0% used [0x000000076ab00000,0x000000076ab00000,0x000000076eb00000)
  from space 10752K, 57% used [0x000000076f580000,0x000000076fb7d478,0x0000000770000000)
  to   space 10752K, 0% used [0x000000076eb00000,0x000000076eb00000,0x000000076f580000)
 ParOldGen       total 300544K, used 272852K [0x00000006c0000000, 0x00000006d2580000, 0x000000076ab00000)
  object space 300544K, 90% used [0x00000006c0000000,0x00000006d0a751e0,0x00000006d2580000)
 Metaspace       used 20556K, capacity 21168K, committed 21296K, reserved 1067008K
  class space    used 2681K, capacity 2841K, committed 2944K, reserved 1048576K
Event: 47.773 GC heap after
Heap after GC invocations=3 (full 1):
 PSYoungGen      total 76288K, used 0K [0x000000076ab00000, 0x0000000770000000, 0x00000007c0000000)
  eden space 65536K, 0% used [0x000000076ab00000,0x000000076ab00000,0x000000076eb00000)
  from space 10752K, 0% used [0x000000076f580000,0x000000076f580000,0x0000000770000000)
  to   space 10752K, 0% used [0x000000076eb00000,0x000000076eb00000,0x000000076f580000)
 ParOldGen       total 362496K, used 278366K [0x00000006c0000000, 0x00000006d6200000, 0x000000076ab00000)
  object space 362496K, 76% used [0x00000006c0000000,0x00000006d0fd7b80,0x00000006d6200000)
 Metaspace       used 20556K, capacity 21168K, committed 21296K, reserved 1067008K
  class space    used 2681K, capacity 2841K, committed 2944K, reserved 1048576K
}

