# JRE version: OpenJDK Runtime Environment (8.0_352-b08) (build 1.8.0_352-352-b08)
# Java VM: OpenJDK 64-Bit Server VM (25.352-b08 mixed mode linux-amd64 compressed oops)
Heap:
 PSYoungGen      total 531968K, used 10382K [0x000000076ab00000, 0x000000078c000000, 0x00000007c0000000)
  eden space 526848K, 1% used [0x000000076ab00000,0x000000076b523988,0x000000078ad80000)
  from space 5120K, 0% used [0x000000078b200000,0x000000078b200000,0x000000078b700000)
  to   space 4608K, 0% used [0x000000078ad80000,0x000000078ad80000,0x000000078b200000)
 ParOldGen       total 701440K, used 486187K [0x00000006c0000000, 0x00000006ead00000, 0x000000076ab00000)
  object space 701440K, 69% used [0x00000006c0000000,0x00000006ddacae78,0x00000006ead00000)
 Metaspace       used 21230K, capacity 21708K, committed 21888K, reserved 1069056K
  class space    used 2538K, capacity 2646K, committed 2688K, reserved 1048576K
GC Heap History (10 events):
Event: 27,952 GC heap before
{Heap before GC invocations=20 (full 4):
 PSYoungGen      total 386560K, used 380928K [0x000000076ab00000, 0x0000000783000000, 0x00000007c0000000)
  eden space 380928K, 100% used [0x000000076ab00000,0x0000000781f00000,0x0000000781f00000)
  from space 5632K, 0% used [0x0000000782500000,0x0000000782500000,0x0000000782a80000)
  to   space 5632K, 0% used [0x0000000782a80000,0x0000000782a80000,0x0000000783000000)
 ParOldGen       total 525312K, used 401857K [0x00000006c0000000, 0x00000006e0100000, 0x000000076ab00000)
  object space 525312K, 76% used [0x00000006c0000000,0x00000006d88705d8,0x00000006e0100000)
 Metaspace       used 21107K, capacity 21540K, committed 21888K, reserved 1069056K
  class space    used 2531K, capacity 2640K, committed 2688K, reserved 1048576K
Event: 27,961 GC heap after
Heap after GC invocations=20 (full 4):
 PSYoungGen      total 393216K, used 329K [0x000000076ab00000, 0x0000000789580000, 0x00000007c0000000)
  eden space 387584K, 0% used [0x000000076ab00000,0x000000076ab00000,0x0000000782580000)
  from space 5632K, 5% used [0x0000000782a80000,0x0000000782ad26b0,0x0000000783000000)
  to   space 5120K, 0% used [0x0000000782580000,0x0000000782580000,0x0000000782a80000)
 ParOldGen       total 525312K, used 401857K [0x00000006c0000000, 0x00000006e0100000, 0x000000076ab00000)
  object space 525312K, 76% used [0x00000006c0000000,0x00000006d88705d8,0x00000006e0100000)
 Metaspace       used 21107K, capacity 21540K, committed 21888K, reserved 1069056K
  class space    used 2531K, capacity 2640K, committed 2688K, reserved 1048576K
}
Event: 29,883 GC heap before
{Heap before GC invocations=21 (full 4):
 PSYoungGen      total 393216K, used 387913K [0x000000076ab00000, 0x0000000789580000, 0x00000007c0000000)
  eden space 387584K, 100% used [0x000000076ab00000,0x0000000782580000,0x0000000782580000)
  from space 5632K, 5% used [0x0000000782a80000,0x0000000782ad26b0,0x0000000783000000)
  to   space 5120K, 0% used [0x0000000782580000,0x0000000782580000,0x0000000782a80000)
 ParOldGen       total 525312K, used 401857K [0x00000006c0000000, 0x00000006e0100000, 0x000000076ab00000)
  object space 525312K, 76% used [0x00000006c0000000,0x00000006d88705d8,0x00000006e0100000)
 Metaspace       used 21167K, capacity 21622K, committed 21888K, reserved 1069056K
  class space    used 2534K, capacity 2643K, committed 2688K, reserved 1048576K
Event: 30,093 GC heap after
Heap after GC invocations=21 (full 4):
 PSYoungGen      total 392704K, used 480K [0x000000076ab00000, 0x000000078b700000, 0x00000007c0000000)
  eden space 387584K, 0% used [0x000000076ab00000,0x000000076ab00000,0x0000000782580000)
  from space 5120K, 9% used [0x0000000782580000,0x00000007825f8010,0x0000000782a80000)
  to   space 5120K, 0% used [0x000000078b200000,0x000000078b200000,0x000000078b700000)
 ParOldGen       total 653312K, used 593709K [0x00000006c0000000, 0x00000006e7e00000, 0x000000076ab00000)
  object space 653312K, 90% used [0x00000006c0000000,0x00000006e43cb4f8,0x00000006e7e00000)
 Metaspace       used 21167K, capacity 21622K, committed 21888K, reserved 1069056K
  class space    used 2534K, capacity 2643K, committed 2688K, reserved 1048576K
}
Event: 30,093 GC heap before
{Heap before GC invocations=22 (full 5):
 PSYoungGen      total 392704K, used 480K [0x000000076ab00000, 0x000000078b700000, 0x00000007c0000000)
  eden space 387584K, 0% used [0x000000076ab00000,0x000000076ab00000,0x0000000782580000)
  from space 5120K, 9% used [0x0000000782580000,0x00000007825f8010,0x0000000782a80000)
  to   space 5120K, 0% used [0x000000078b200000,0x000000078b200000,0x000000078b700000)
 ParOldGen       total 653312K, used 593709K [0x00000006c0000000, 0x00000006e7e00000, 0x000000076ab00000)
  object space 653312K, 90% used [0x00000006c0000000,0x00000006e43cb4f8,0x00000006e7e00000)
 Metaspace       used 21167K, capacity 21622K, committed 21888K, reserved 1069056K
  class space    used 2534K, capacity 2643K, committed 2688K, reserved 1048576K
Event: 30,157 GC heap after
Heap after GC invocations=22 (full 5):
 PSYoungGen      total 392704K, used 0K [0x000000076ab00000, 0x000000078b700000, 0x00000007c0000000)
  eden space 387584K, 0% used [0x000000076ab00000,0x000000076ab00000,0x0000000782580000)
  from space 5120K, 0% used [0x0000000782580000,0x0000000782580000,0x0000000782a80000)
  to   space 5120K, 0% used [0x000000078b200000,0x000000078b200000,0x000000078b700000)
 ParOldGen       total 646144K, used 466090K [0x00000006c0000000, 0x00000006e7700000, 0x000000076ab00000)
  object space 646144K, 72% used [0x00000006c0000000,0x00000006dc72aa00,0x00000006e7700000)
 Metaspace       used 21167K, capacity 21622K, committed 21888K, reserved 1069056K
  class space    used 2534K, capacity 2643K, committed 2688K, reserved 1048576K
}
Event: 31,860 GC heap before
{Heap before GC invocations=23 (full 5):
 PSYoungGen      total 392704K, used 387584K [0x000000076ab00000, 0x000000078b700000, 0x00000007c0000000)
  eden space 387584K, 100% used [0x000000076ab00000,0x0000000782580000,0x0000000782580000)
  from space 5120K, 0% used [0x0000000782580000,0x0000000782580000,0x0000000782a80000)
  to   space 5120K, 0% used [0x000000078b200000,0x000000078b200000,0x000000078b700000)
 ParOldGen       total 646144K, used 466090K [0x00000006c0000000, 0x00000006e7700000, 0x000000076ab00000)
  object space 646144K, 72% used [0x00000006c0000000,0x00000006dc72aa00,0x00000006e7700000)
 Metaspace       used 21230K, capacity 21708K, committed 21888K, reserved 1069056K
  class space    used 2538K, capacity 2646K, committed 2688K, reserved 1048576K
Event: 31,896 GC heap after
Heap after GC invocations=23 (full 5):
 PSYoungGen      total 531968K, used 192K [0x000000076ab00000, 0x000000078c000000, 0x00000007c0000000)
  eden space 526848K, 0% used [0x000000076ab00000,0x000000076ab00000,0x000000078ad80000)
  from space 5120K, 3% used [0x000000078b200000,0x000000078b230010,0x000000078b700000)
  to   space 4608K, 0% used [0x000000078ad80000,0x000000078ad80000,0x000000078b200000)
 ParOldGen       total 646144K, used 575961K [0x00000006c0000000, 0x00000006e7700000, 0x000000076ab00000)
  object space 646144K, 89% used [0x00000006c0000000,0x00000006e3276520,0x00000006e7700000)
 Metaspace       used 21230K, capacity 21708K, committed 21888K, reserved 1069056K
  class space    used 2538K, capacity 2646K, committed 2688K, reserved 1048576K
}
Event: 31,896 GC heap before
{Heap before GC invocations=24 (full 6):
 PSYoungGen      total 531968K, used 192K [0x000000076ab00000, 0x000000078c000000, 0x00000007c0000000)
  eden space 526848K, 0% used [0x000000076ab00000,0x000000076ab00000,0x000000078ad80000)
  from space 5120K, 3% used [0x000000078b200000,0x000000078b230010,0x000000078b700000)
  to   space 4608K, 0% used [0x000000078ad80000,0x000000078ad80000,0x000000078b200000)
 ParOldGen       total 646144K, used 575961K [0x00000006c0000000, 0x00000006e7700000, 0x000000076ab00000)
  object space 646144K, 89% used [0x00000006c0000000,0x00000006e3276520,0x00000006e7700000)
 Metaspace       used 21230K, capacity 21708K, committed 21888K, reserved 1069056K
  class space    used 2538K, capacity 2646K, committed 2688K, reserved 1048576K
Event: 31,992 GC heap after
Heap after GC invocations=24 (full 6):
 PSYoungGen      total 531968K, used 0K [0x000000076ab00000, 0x000000078c000000, 0x00000007c0000000)
  eden space 526848K, 0% used [0x000000076ab00000,0x000000076ab00000,0x000000078ad80000)
  from space 5120K, 0% used [0x000000078b200000,0x000000078b200000,0x000000078b700000)
  to   space 4608K, 0% used [0x000000078ad80000,0x000000078ad80000,0x000000078b200000)
 ParOldGen       total 701440K, used 486187K [0x00000006c0000000, 0x00000006ead00000, 0x000000076ab00000)
  object space 701440K, 69% used [0x00000006c0000000,0x00000006ddacae78,0x00000006ead00000)
 Metaspace       used 21230K, capacity 21708K, committed 21888K, reserved 1069056K
  class space    used 2538K, capacity 2646K, committed 2688K, reserved 1048576K
}

