# JRE version: OpenJDK Runtime Environment (8.0_352-b08) (build 1.8.0_352-352-b08)
# Java VM: OpenJDK 64-Bit Server VM (25.352-b08 mixed mode linux-amd64 compressed oops)
Heap:
 PSYoungGen      total 163328K, used 13176K [0x000000076ab00000, 0x0000000774c00000, 0x00000007c0000000)
  eden space 162816K, 7% used [0x000000076ab00000,0x000000076b7a6848,0x0000000774a00000)
  from space 512K, 43% used [0x0000000774b80000,0x0000000774bb8010,0x0000000774c00000)
  to   space 1024K, 0% used [0x0000000774a00000,0x0000000774a00000,0x0000000774b00000)
 ParOldGen       total 657408K, used 465906K [0x00000006c0000000, 0x00000006e8200000, 0x000000076ab00000)
  object space 657408K, 70% used [0x00000006c0000000,0x00000006dc6fcb28,0x00000006e8200000)
 Metaspace       used 21151K, capacity 21580K, committed 21888K, reserved 1069056K
  class space    used 2535K, capacity 2646K, committed 2688K, reserved 1048576K
GC Heap History (10 events):
Event: 28,966 GC heap before
{Heap before GC invocations=43 (full 5):
 PSYoungGen      total 142336K, used 141024K [0x000000076ab00000, 0x0000000774000000, 0x00000007c0000000)
  eden space 140800K, 100% used [0x000000076ab00000,0x0000000773480000,0x0000000773480000)
  from space 1536K, 14% used [0x0000000773480000,0x00000007734b8010,0x0000000773600000)
  to   space 1536K, 0% used [0x0000000773e80000,0x0000000773e80000,0x0000000774000000)
 ParOldGen       total 657408K, used 465890K [0x00000006c0000000, 0x00000006e8200000, 0x000000076ab00000)
  object space 657408K, 70% used [0x00000006c0000000,0x00000006dc6f8b28,0x00000006e8200000)
 Metaspace       used 21089K, capacity 21558K, committed 21888K, reserved 1069056K
  class space    used 2530K, capacity 2643K, committed 2688K, reserved 1048576K
Event: 28,975 GC heap after
Heap after GC invocations=43 (full 5):
 PSYoungGen      total 150016K, used 288K [0x000000076ab00000, 0x0000000773f80000, 0x00000007c0000000)
  eden space 148992K, 0% used [0x000000076ab00000,0x000000076ab00000,0x0000000773c80000)
  from space 1024K, 28% used [0x0000000773e80000,0x0000000773ec8010,0x0000000773f80000)
  to   space 1536K, 0% used [0x0000000773c80000,0x0000000773c80000,0x0000000773e00000)
 ParOldGen       total 657408K, used 465890K [0x00000006c0000000, 0x00000006e8200000, 0x000000076ab00000)
  object space 657408K, 70% used [0x00000006c0000000,0x00000006dc6f8b28,0x00000006e8200000)
 Metaspace       used 21089K, capacity 21558K, committed 21888K, reserved 1069056K
  class space    used 2530K, capacity 2643K, committed 2688K, reserved 1048576K
}
Event: 29,988 GC heap before
{Heap before GC invocations=44 (full 5):
 PSYoungGen      total 150016K, used 149280K [0x000000076ab00000, 0x0000000773f80000, 0x00000007c0000000)
  eden space 148992K, 100% used [0x000000076ab00000,0x0000000773c80000,0x0000000773c80000)
  from space 1024K, 28% used [0x0000000773e80000,0x0000000773ec8010,0x0000000773f80000)
  to   space 1536K, 0% used [0x0000000773c80000,0x0000000773c80000,0x0000000773e00000)
 ParOldGen       total 657408K, used 465890K [0x00000006c0000000, 0x00000006e8200000, 0x000000076ab00000)
  object space 657408K, 70% used [0x00000006c0000000,0x00000006dc6f8b28,0x00000006e8200000)
 Metaspace       used 21096K, capacity 21558K, committed 21888K, reserved 1069056K
  class space    used 2530K, capacity 2643K, committed 2688K, reserved 1048576K
Event: 29,995 GC heap after
Heap after GC invocations=44 (full 5):
 PSYoungGen      total 150528K, used 128K [0x000000076ab00000, 0x0000000774700000, 0x00000007c0000000)
  eden space 148992K, 0% used [0x000000076ab00000,0x000000076ab00000,0x0000000773c80000)
  from space 1536K, 8% used [0x0000000773c80000,0x0000000773ca0000,0x0000000773e00000)
  to   space 1536K, 0% used [0x0000000774580000,0x0000000774580000,0x0000000774700000)
 ParOldGen       total 657408K, used 465898K [0x00000006c0000000, 0x00000006e8200000, 0x000000076ab00000)
  object space 657408K, 70% used [0x00000006c0000000,0x00000006dc6fab28,0x00000006e8200000)
 Metaspace       used 21096K, capacity 21558K, committed 21888K, reserved 1069056K
  class space    used 2530K, capacity 2643K, committed 2688K, reserved 1048576K
}
Event: 31,166 GC heap before
{Heap before GC invocations=45 (full 5):
 PSYoungGen      total 150528K, used 149120K [0x000000076ab00000, 0x0000000774700000, 0x00000007c0000000)
  eden space 148992K, 100% used [0x000000076ab00000,0x0000000773c80000,0x0000000773c80000)
  from space 1536K, 8% used [0x0000000773c80000,0x0000000773ca0000,0x0000000773e00000)
  to   space 1536K, 0% used [0x0000000774580000,0x0000000774580000,0x0000000774700000)
 ParOldGen       total 657408K, used 465898K [0x00000006c0000000, 0x00000006e8200000, 0x000000076ab00000)
  object space 657408K, 70% used [0x00000006c0000000,0x00000006dc6fab28,0x00000006e8200000)
 Metaspace       used 21114K, capacity 21558K, committed 21888K, reserved 1069056K
  class space    used 2530K, capacity 2643K, committed 2688K, reserved 1048576K
Event: 31,175 GC heap after
Heap after GC invocations=45 (full 5):
 PSYoungGen      total 157184K, used 320K [0x000000076ab00000, 0x0000000774680000, 0x00000007c0000000)
  eden space 156160K, 0% used [0x000000076ab00000,0x000000076ab00000,0x0000000774380000)
  from space 1024K, 31% used [0x0000000774580000,0x00000007745d0010,0x0000000774680000)
  to   space 1536K, 0% used [0x0000000774380000,0x0000000774380000,0x0000000774500000)
 ParOldGen       total 657408K, used 465898K [0x00000006c0000000, 0x00000006e8200000, 0x000000076ab00000)
  object space 657408K, 70% used [0x00000006c0000000,0x00000006dc6fab28,0x00000006e8200000)
 Metaspace       used 21114K, capacity 21558K, committed 21888K, reserved 1069056K
  class space    used 2530K, capacity 2643K, committed 2688K, reserved 1048576K
}
Event: 32,255 GC heap before
{Heap before GC invocations=46 (full 5):
 PSYoungGen      total 157184K, used 156480K [0x000000076ab00000, 0x0000000774680000, 0x00000007c0000000)
  eden space 156160K, 100% used [0x000000076ab00000,0x0000000774380000,0x0000000774380000)
  from space 1024K, 31% used [0x0000000774580000,0x00000007745d0010,0x0000000774680000)
  to   space 1536K, 0% used [0x0000000774380000,0x0000000774380000,0x0000000774500000)
 ParOldGen       total 657408K, used 465898K [0x00000006c0000000, 0x00000006e8200000, 0x000000076ab00000)
  object space 657408K, 70% used [0x00000006c0000000,0x00000006dc6fab28,0x00000006e8200000)
 Metaspace       used 21118K, capacity 21558K, committed 21888K, reserved 1069056K
  class space    used 2530K, capacity 2643K, committed 2688K, reserved 1048576K
Event: 32,266 GC heap after
Heap after GC invocations=46 (full 5):
 PSYoungGen      total 157696K, used 224K [0x000000076ab00000, 0x0000000774c80000, 0x00000007c0000000)
  eden space 156160K, 0% used [0x000000076ab00000,0x000000076ab00000,0x0000000774380000)
  from space 1536K, 14% used [0x0000000774380000,0x00000007743b8010,0x0000000774500000)
  to   space 1024K, 0% used [0x0000000774b80000,0x0000000774b80000,0x0000000774c80000)
 ParOldGen       total 657408K, used 465898K [0x00000006c0000000, 0x00000006e8200000, 0x000000076ab00000)
  object space 657408K, 70% used [0x00000006c0000000,0x00000006dc6fab28,0x00000006e8200000)
 Metaspace       used 21118K, capacity 21558K, committed 21888K, reserved 1069056K
  class space    used 2530K, capacity 2643K, committed 2688K, reserved 1048576K
}
Event: 33,064 GC heap before
{Heap before GC invocations=47 (full 5):
 PSYoungGen      total 157696K, used 156384K [0x000000076ab00000, 0x0000000774c80000, 0x00000007c0000000)
  eden space 156160K, 100% used [0x000000076ab00000,0x0000000774380000,0x0000000774380000)
  from space 1536K, 14% used [0x0000000774380000,0x00000007743b8010,0x0000000774500000)
  to   space 1024K, 0% used [0x0000000774b80000,0x0000000774b80000,0x0000000774c80000)
 ParOldGen       total 657408K, used 465898K [0x00000006c0000000, 0x00000006e8200000, 0x000000076ab00000)
  object space 657408K, 70% used [0x00000006c0000000,0x00000006dc6fab28,0x00000006e8200000)
 Metaspace       used 21151K, capacity 21580K, committed 21888K, reserved 1069056K
  class space    used 2535K, capacity 2646K, committed 2688K, reserved 1048576K
Event: 33,068 GC heap after
Heap after GC invocations=47 (full 5):
 PSYoungGen      total 163328K, used 224K [0x000000076ab00000, 0x0000000774c00000, 0x00000007c0000000)
  eden space 162816K, 0% used [0x000000076ab00000,0x000000076ab00000,0x0000000774a00000)
  from space 512K, 43% used [0x0000000774b80000,0x0000000774bb8010,0x0000000774c00000)
  to   space 1024K, 0% used [0x0000000774a00000,0x0000000774a00000,0x0000000774b00000)
 ParOldGen       total 657408K, used 465906K [0x00000006c0000000, 0x00000006e8200000, 0x000000076ab00000)
  object space 657408K, 70% used [0x00000006c0000000,0x00000006dc6fcb28,0x00000006e8200000)
 Metaspace       used 21151K, capacity 21580K, committed 21888K, reserved 1069056K
  class space    used 2535K, capacity 2646K, committed 2688K, reserved 1048576K
}

